-------------------------------------------------------------------------------
Test set: com.nhsbsa.medicinelist.MedicinelistApplicationTests
-------------------------------------------------------------------------------
Tests run: 1, Failures: 0, Errors: 1, Skipped: 0, Time elapsed: 2.16 s <<< FAILURE! - in com.nhsbsa.medicinelist.MedicinelistApplicationTests
contextLoads  Time elapsed: 0.001 s  <<< ERROR!
java.lang.IllegalStateException: Failed to load ApplicationContext
Caused by: org.springframework.beans.factory.UnsatisfiedDependencyException: 
Error creating bean with name 'org.springframework.boot.autoconfigure.orm.jpa.HibernateJpaConfiguration': Unsatisfied dependency expressed through constructor parameter 0; nested exception is org.springframework.beans.factory.BeanCreationException: Error creating bean with name 'dataSource' defined in class path resource [org/springframework/boot/autoconfigure/jdbc/DataSourceConfiguration$Hikari.class]: Initialization of bean failed; nested exception is org.springframework.beans.factory.BeanCreationException: Error creating bean with name 'org.springframework.boot.autoconfigure.jdbc.DataSourceInitializerInvoker': Invocation of init method failed; nested exception is org.springframework.jdbc.datasource.init.ScriptStatementFailedException: Failed to execute SQL script statement #1 of URL [file:/Users/KIEWE/Documents/GitHub/MedicineList/target/classes/data.sql]: INSERT INTO MEDICINES (med_Name) VALUES ('aspirin'), ('calpol'), ('ibuprofen'), ('codien'); nested exception is org.h2.jdbc.JdbcSQLSyntaxErrorException: Column "MED_NAME" not found; SQL statement:
INSERT INTO MEDICINES (med_Name) VALUES ('aspirin'), ('calpol'), ('ibuprofen'), ('codien') [42122-200]
Caused by: org.springframework.beans.factory.BeanCreationException: 
Error creating bean with name 'dataSource' defined in class path resource [org/springframework/boot/autoconfigure/jdbc/DataSourceConfiguration$Hikari.class]: Initialization of bean failed; nested exception is org.springframework.beans.factory.BeanCreationException: Error creating bean with name 'org.springframework.boot.autoconfigure.jdbc.DataSourceInitializerInvoker': Invocation of init method failed; nested exception is org.springframework.jdbc.datasource.init.ScriptStatementFailedException: Failed to execute SQL script statement #1 of URL [file:/Users/KIEWE/Documents/GitHub/MedicineList/target/classes/data.sql]: INSERT INTO MEDICINES (med_Name) VALUES ('aspirin'), ('calpol'), ('ibuprofen'), ('codien'); nested exception is org.h2.jdbc.JdbcSQLSyntaxErrorException: Column "MED_NAME" not found; SQL statement:
INSERT INTO MEDICINES (med_Name) VALUES ('aspirin'), ('calpol'), ('ibuprofen'), ('codien') [42122-200]
Caused by: org.springframework.beans.factory.BeanCreationException: 
Error creating bean with name 'org.springframework.boot.autoconfigure.jdbc.DataSourceInitializerInvoker': Invocation of init method failed; nested exception is org.springframework.jdbc.datasource.init.ScriptStatementFailedException: Failed to execute SQL script statement #1 of URL [file:/Users/KIEWE/Documents/GitHub/MedicineList/target/classes/data.sql]: INSERT INTO MEDICINES (med_Name) VALUES ('aspirin'), ('calpol'), ('ibuprofen'), ('codien'); nested exception is org.h2.jdbc.JdbcSQLSyntaxErrorException: Column "MED_NAME" not found; SQL statement:
INSERT INTO MEDICINES (med_Name) VALUES ('aspirin'), ('calpol'), ('ibuprofen'), ('codien') [42122-200]
Caused by: org.springframework.jdbc.datasource.init.ScriptStatementFailedException: 
Failed to execute SQL script statement #1 of URL [file:/Users/KIEWE/Documents/GitHub/MedicineList/target/classes/data.sql]: INSERT INTO MEDICINES (med_Name) VALUES ('aspirin'), ('calpol'), ('ibuprofen'), ('codien'); nested exception is org.h2.jdbc.JdbcSQLSyntaxErrorException: Column "MED_NAME" not found; SQL statement:
INSERT INTO MEDICINES (med_Name) VALUES ('aspirin'), ('calpol'), ('ibuprofen'), ('codien') [42122-200]
Caused by: org.h2.jdbc.JdbcSQLSyntaxErrorException: 
Column "MED_NAME" not found; SQL statement:
INSERT INTO MEDICINES (med_Name) VALUES ('aspirin'), ('calpol'), ('ibuprofen'), ('codien') [42122-200]

